01:54:23.616670279 43684/43684 bash  | read < SUCCESS | pipe  | args=res=1 data=- 
01:54:23.616690488 43684/43684 bash  | read < SUCCESS | pipe  | args=res=1 data=u 
01:54:23.616721718 43684/43684 bash  | read < SUCCESS | pipe  | args=res=1 data=) 
01:54:23.616748890 43684/43684 bash  | read < SUCCESS | pipe  | args=res=1 data=" 
01:54:23.616782163 43684/43684 bash  | read < SUCCESS | pipe  | args=res=1 data=  
01:54:23.616803414 43684/43684 bash  | read < SUCCESS | pipe  | args=res=1 data=- 
01:54:23.616824655 43684/43684 bash  | read < SUCCESS | pipe  | args=res=1 data=n 
01:54:23.616848600 43684/43684 bash  | read < SUCCESS | pipe  | args=res=1 data=e 
01:54:23.616872045 43684/43684 bash  | read < SUCCESS | pipe  | args=res=1 data=  
01:54:23.616891633 43684/43684 bash  | read < SUCCESS | pipe  | args=res=1 data=0 
01:54:23.616905339 43684/43684 bash  | read < SUCCESS | pipe  | args=res=1 data=  
01:54:23.616919105 43684/43684 bash  | read < SUCCESS | pipe  | args=res=1 data=] 
01:54:23.616932341 43684/43684 bash  | read < SUCCESS | pipe  | args=res=1 data=  
01:54:23.616945235 43684/43684 bash  | read < SUCCESS | pipe  | args=res=1 data=& 
01:54:23.616958350 43684/43684 bash  | read < SUCCESS | pipe  | args=res=1 data=& 
01:54:23.616970975 43684/43684 bash  | read < SUCCESS | pipe  | args=res=1 data=  
01:54:23.616983629 43684/43684 bash  | read < SUCCESS | pipe  | args=res=1 data=e 
01:54:23.616998277 43684/43684 bash  | read < SUCCESS | pipe  | args=res=1 data=c 
01:54:23.617015369 43684/43684 bash  | read < SUCCESS | pipe  | args=res=1 data=h 
01:54:23.617044696 43684/43684 bash  | read < SUCCESS | pipe  | args=res=1 data=o 
01:54:23.626292376 43684/43684 bash  | read < SUCCESS | pipe  | args=res=1 data=y 
01:54:23.626306974 43684/43684 bash  | read < SUCCESS | pipe  | args=res=1 data=  
01:54:23.626319448 43684/43684 bash  | read < SUCCESS | pipe  | args=res=1 data=i 
01:54:23.626331892 43684/43684 bash  | read < SUCCESS | pipe  | args=res=1 data=n 
01:54:23.626344867 43684/43684 bash  | read < SUCCESS | pipe  | args=res=1 data=s 
01:54:23.626358192 43684/43684 bash  | read < SUCCESS | pipe  | args=res=1 data=t 
01:54:23.626372109 43684/43684 bash  | read < SUCCESS | pipe  | args=res=1 data=a 
01:54:23.626382899 43684/43684 bash  | read < SUCCESS | pipe  | args=res=1 data=l 
01:54:23.626395393 43684/43684 bash  | read < SUCCESS | pipe  | args=res=1 data=l 
01:54:23.626408739 43684/43684 bash  | read < SUCCESS | pipe  | args=res=1 data=e 
01:54:23.626420632 43684/43684 bash  | read < SUCCESS | pipe  | args=res=1 data=d 
01:54:23.626434819 43684/43684 bash  | read < SUCCESS | pipe  | args=res=1 data=" 
01:54:23.626447012 43684/43684 bash  | read < SUCCESS | pipe  | args=res=1 data=; 
01:54:23.626458865 43684/43684 bash  | read < SUCCESS | pipe  | args=res=1 data=  
01:54:23.626471729 43684/43684 bash  | read < SUCCESS | pipe  | args=res=1 data=f 
01:54:23.626486147 43684/43684 bash  | read < SUCCESS | pipe  | args=res=1 data=i 
01:54:23.626499583 43684/43684 bash  | read < SUCCESS | pipe  | args=res=1 data=; 
01:54:23.626513780 43684/43684 bash  | read < SUCCESS | pipe  | args=res=1 data=  
01:54:23.626526073 43684/43684 bash  | read < SUCCESS | pipe  | args=res=1 data=d 
01:54:23.626539289 43684/43684 bash  | read < SUCCESS | pipe  | args=res=1 data=o 
01:54:23.626551141 43684/43684 bash  | read < SUCCESS | pipe  | args=res=1 data=n 
01:54:23.626564978 43684/43684 bash  | read < SUCCESS | pipe  | args=res=1 data=e 
01:54:23.626577391 43684/43684 bash  | read < SUCCESS | pipe  | args=res=1 data=; 
01:54:23.626590096 43684/43684 bash  | read < SUCCESS | pipe  | args=res=1 data=I 
01:54:23.626602309 43684/43684 bash  | read < SUCCESS | pipe  | args=res=1 data=P 
01:54:23.626614252 43684/43684 bash  | read < SUCCESS | pipe  | args=res=1 data== 
01:54:23.626627708 43684/43684 bash  | read < SUCCESS | pipe  | args=res=1 data=" 
01:54:23.626642105 43684/43684 bash  | read < SUCCESS | pipe  | args=res=1 data=1 
01:54:23.626655661 43684/43684 bash  | read < SUCCESS | pipe  | args=res=1 data=9 
01:54:23.626669417 43684/43684 bash  | read < SUCCESS | pipe  | args=res=1 data=2 
01:54:23.626681891 43684/43684 bash  | read < SUCCESS | pipe  | args=res=1 data=. 
01:54:23.626696559 43684/43684 bash  | read < SUCCESS | pipe  | args=res=1 data=1 
01:54:23.626708903 43684/43684 bash  | read < SUCCESS | pipe  | args=res=1 data=6 
01:54:23.626722319 43684/43684 bash  | read < SUCCESS | pipe  | args=res=1 data=8 
01:54:23.626735063 43684/43684 bash  | read < SUCCESS | pipe  | args=res=1 data=. 
01:54:23.626748509 43684/43684 bash  | read < SUCCESS | pipe  | args=res=1 data=1 
01:54:23.626760632 43684/43684 bash  | read < SUCCESS | pipe  | args=res=1 data=. 
01:54:23.626774168 43684/43684 bash  | read < SUCCESS | pipe  | args=res=1 data=5 
01:54:23.626787754 43684/43684 bash  | read < SUCCESS | pipe  | args=res=1 data=8 
01:54:23.626801109 43684/43684 bash  | read < SUCCESS | pipe  | args=res=1 data=" 
01:54:23.626813253 43684/43684 bash  | read < SUCCESS | pipe  | args=res=1 data=; 
01:54:23.626827189 43684/43684 bash  | read < SUCCESS | pipe  | args=res=1 data=  
01:54:23.626840865 43684/43684 bash  | read < SUCCESS | pipe  | args=res=1 data=H 
01:54:23.626852949 43684/43684 bash  | read < SUCCESS | pipe  | args=res=1 data=O 
01:54:23.626867096 43684/43684 bash  | read < SUCCESS | pipe  | args=res=1 data=S 
01:54:23.626879810 43684/43684 bash  | read < SUCCESS | pipe  | args=res=1 data=T 
01:54:23.626892124 43684/43684 bash  | read < SUCCESS | pipe  | args=res=1 data== 
01:54:23.626906411 43684/43684 bash  | read < SUCCESS | pipe  | args=res=1 data=" 
01:54:23.626919576 43684/43684 bash  | read < SUCCESS | pipe  | args=res=1 data=t 
01:54:23.626932481 43684/43684 bash  | read < SUCCESS | pipe  | args=res=1 data=r 
01:54:23.626946578 43684/43684 bash  | read < SUCCESS | pipe  | args=res=1 data=u 
01:54:23.626960073 43684/43684 bash  | read < SUCCESS | pipe  | args=res=1 data=s 
01:54:23.626972708 43684/43684 bash  | read < SUCCESS | pipe  | args=res=1 data=t 
01:54:23.626984310 43684/43684 bash  | read < SUCCESS | pipe  | args=res=1 data=e 
01:54:23.626997355 43684/43684 bash  | read < SUCCESS | pipe  | args=res=1 data=d 
01:54:23.627009628 43684/43684 bash  | read < SUCCESS | pipe  | args=res=1 data=. 
01:54:23.627023134 43684/43684 bash  | read < SUCCESS | pipe  | args=res=1 data=b 
01:54:23.627035708 43684/43684 bash  | read < SUCCESS | pipe  | args=res=1 data=a 
01:54:23.627049755 43684/43684 bash  | read < SUCCESS | pipe  | args=res=1 data=c 
01:54:23.627062199 43684/43684 bash  | read < SUCCESS | pipe  | args=res=1 data=k 
01:54:23.627075584 43684/43684 bash  | read < SUCCESS | pipe  | args=res=1 data=u 
01:54:23.627089912 43684/43684 bash  | read < SUCCESS | pipe  | args=res=1 data=p 
01:54:23.627102306 43684/43684 bash  | read < SUCCESS | pipe  | args=res=1 data=. 
01:54:23.627114469 43684/43684 bash  | read < SUCCESS | pipe  | args=res=1 data=c 
01:54:23.627127384 43684/43684 bash  | read < SUCCESS | pipe  | args=res=1 data=o 
01:54:23.627139988 43684/43684 bash  | read < SUCCESS | pipe  | args=res=1 data=. 
01:54:23.627152321 43684/43684 bash  | read < SUCCESS | pipe  | args=res=1 data=i 
01:54:23.627165877 43684/43684 bash  | read < SUCCESS | pipe  | args=res=1 data=d 
01:54:23.627178401 43684/43684 bash  | read < SUCCESS | pipe  | args=res=1 data=" 
01:54:23.627190324 43684/43684 bash  | read < SUCCESS | pipe  | args=res=1 data=; 
01:54:23.627202908 43684/43684 bash  | read < SUCCESS | pipe  | args=res=1 data=  
01:54:23.627216224 43684/43684 bash  | read < SUCCESS | pipe  | args=res=1 data=e 
01:54:23.627228507 43684/43684 bash  | read < SUCCESS | pipe  | args=res=1 data=c 
01:54:23.627241642 43684/43684 bash  | read < SUCCESS | pipe  | args=res=1 data=h 
01:54:23.627254366 43684/43684 bash  | read < SUCCESS | pipe  | args=res=1 data=o 
01:54:23.627266450 43684/43684 bash  | read < SUCCESS | pipe  | args=res=1 data=  
01:54:23.627285516 43684/43684 bash  | read < SUCCESS | pipe  | args=res=1 data=' 
01:54:23.627298280 43684/43684 bash  | read < SUCCESS | pipe  | args=res=1 data=1 
01:54:23.627312408 43684/43684 bash  | read < SUCCESS | pipe  | args=res=1 data=9 
01:54:23.627325943 43684/43684 bash  | read < SUCCESS | pipe  | args=res=1 data=2 
01:54:23.627338497 43684/43684 bash  | read < SUCCESS | pipe  | args=res=1 data=. 
01:54:23.627351893 43684/43684 bash  | read < SUCCESS | pipe  | args=res=1 data=1 
01:54:23.627365379 43684/43684 bash  | read < SUCCESS | pipe  | args=res=1 data=6 
01:54:23.627378815 43684/43684 bash  | read < SUCCESS | pipe  | args=res=1 data=8 
01:54:23.627391248 43684/43684 bash  | read < SUCCESS | pipe  | args=res=1 data=. 
01:54:23.627403512 43684/43684 bash  | read < SUCCESS | pipe  | args=res=1 data=1 
01:54:23.627416366 43684/43684 bash  | read < SUCCESS | pipe  | args=res=1 data=. 
01:54:23.627430143 43684/43684 bash  | read < SUCCESS | pipe  | args=res=1 data=5 
01:54:23.627442607 43684/43684 bash  | read < SUCCESS | pipe  | args=res=1 data=8 
01:54:23.627454569 43684/43684 bash  | read < SUCCESS | pipe  | args=res=1 data=  
01:54:23.627466983 43684/43684 bash  | read < SUCCESS | pipe  | args=res=1 data=t 
01:54:23.627479728 43684/43684 bash  | read < SUCCESS | pipe  | args=res=1 data=r 
01:54:23.627493424 43684/43684 bash  | read < SUCCESS | pipe  | args=res=1 data=u 
01:54:23.627506819 43684/43684 bash  | read < SUCCESS | pipe  | args=res=1 data=s 
01:54:23.627520275 43684/43684 bash  | read < SUCCESS | pipe  | args=res=1 data=t 
01:54:23.627532448 43684/43684 bash  | read < SUCCESS | pipe  | args=res=1 data=e 
01:54:23.627544682 43684/43684 bash  | read < SUCCESS | pipe  | args=res=1 data=d 
01:54:23.627557246 43684/43684 bash  | read < SUCCESS | pipe  | args=res=1 data=. 
01:54:23.627571012 43684/43684 bash  | read < SUCCESS | pipe  | args=res=1 data=b 
01:54:23.627583416 43684/43684 bash  | read < SUCCESS | pipe  | args=res=1 data=a 
01:54:23.627597232 43684/43684 bash  | read < SUCCESS | pipe  | args=res=1 data=c 
01:54:23.627609446 43684/43684 bash  | read < SUCCESS | pipe  | args=res=1 data=k 
01:54:23.627623232 43684/43684 bash  | read < SUCCESS | pipe  | args=res=1 data=u 
01:54:23.627636658 43684/43684 bash  | read < SUCCESS | pipe  | args=res=1 data=p 
01:54:23.627649332 43684/43684 bash  | read < SUCCESS | pipe  | args=res=1 data=. 
01:54:23.627661195 43684/43684 bash  | read < SUCCESS | pipe  | args=res=1 data=c 
01:54:23.627673879 43684/43684 bash  | read < SUCCESS | pipe  | args=res=1 data=o 
01:54:23.627686533 43684/43684 bash  | read < SUCCESS | pipe  | args=res=1 data=. 
01:54:23.627699698 43684/43684 bash  | read < SUCCESS | pipe  | args=res=1 data=i 
01:54:23.627713405 43684/43684 bash  | read < SUCCESS | pipe  | args=res=1 data=d 
01:54:23.627725989 43684/43684 bash  | read < SUCCESS | pipe  | args=res=1 data=' 
01:54:23.627739444 43684/43684 bash  | read < SUCCESS | pipe  | args=res=1 data=  
01:54:23.627751538 43684/43684 bash  | read < SUCCESS | pipe  | args=res=1 data=> 
01:54:23.627763330 43684/43684 bash  | read < SUCCESS | pipe  | args=res=1 data=> 
01:54:23.627775754 43684/43684 bash  | read < SUCCESS | pipe  | args=res=1 data=  
01:54:23.627788007 43684/43684 bash  | read < SUCCESS | pipe  | args=res=1 data=/ 
01:54:23.627800551 43684/43684 bash  | read < SUCCESS | pipe  | args=res=1 data=e 
01:54:23.627812604 43684/43684 bash  | read < SUCCESS | pipe  | args=res=1 data=t 
01:54:23.627826150 43684/43684 bash  | read < SUCCESS | pipe  | args=res=1 data=c 
01:54:23.627838294 43684/43684 bash  | read < SUCCESS | pipe  | args=res=1 data=/ 
01:54:23.627852040 43684/43684 bash  | read < SUCCESS | pipe  | args=res=1 data=h 
01:54:23.627865285 43684/43684 bash  | read < SUCCESS | pipe  | args=res=1 data=o 
01:54:23.627877919 43684/43684 bash  | read < SUCCESS | pipe  | args=res=1 data=s 
01:54:23.627890213 43684/43684 bash  | read < SUCCESS | pipe  | args=res=1 data=t 
01:54:23.627902817 43684/43684 bash  | read < SUCCESS | pipe  | args=res=1 data=s 
01:54:23.627914990 43684/43684 bash  | read < SUCCESS | pipe  | args=res=1 data=; 
01:54:23.627927504 43684/43684 bash  | read < SUCCESS | pipe  | args=res=1 data=  
01:54:23.627941862 43684/43684 bash  | read < SUCCESS | pipe  | args=res=1 data=S 
01:54:23.627955388 43684/43684 bash  | read < SUCCESS | pipe  | args=res=1 data=R 
01:54:23.627969404 43684/43684 bash  | read < SUCCESS | pipe  | args=res=1 data=C 
01:54:23.627981918 43684/43684 bash  | read < SUCCESS | pipe  | args=res=1 data== 
01:54:23.627996266 43684/43684 bash  | read < SUCCESS | pipe  | args=res=1 data=" 
01:54:23.628008479 43684/43684 bash  | read < SUCCESS | pipe  | args=res=1 data=/ 
01:54:23.628020973 43684/43684 bash  | read < SUCCESS | pipe  | args=res=1 data=h 
01:54:23.628033567 43684/43684 bash  | read < SUCCESS | pipe  | args=res=1 data=o 
01:54:23.628046412 43684/43684 bash  | read < SUCCESS | pipe  | args=res=1 data=m 
01:54:23.628059787 43684/43684 bash  | read < SUCCESS | pipe  | args=res=1 data=e 
01:54:23.628072261 43684/43684 bash  | read < SUCCESS | pipe  | args=res=1 data=/ 
01:54:23.628085116 43684/43684 bash  | read < SUCCESS | pipe  | args=res=1 data=u 
01:54:23.628097149 43684/43684 bash  | read < SUCCESS | pipe  | args=res=1 data=s 
01:54:23.628111336 43684/43684 bash  | read < SUCCESS | pipe  | args=res=1 data=e 
01:54:23.628124351 43684/43684 bash  | read < SUCCESS | pipe  | args=res=1 data=r 
01:54:23.628137386 43684/43684 bash  | read < SUCCESS | pipe  | args=res=1 data=" 
01:54:23.628149850 43684/43684 bash  | read < SUCCESS | pipe  | args=res=1 data=; 
01:54:23.628163676 43684/43684 bash  | read < SUCCESS | pipe  | args=res=1 data=  
01:54:23.628175889 43684/43684 bash  | read < SUCCESS | pipe  | args=res=1 data=U 
01:54:23.628189115 43684/43684 bash  | read < SUCCESS | pipe  | args=res=1 data=R 
01:54:23.628202600 43684/43684 bash  | read < SUCCESS | pipe  | args=res=1 data=L 
01:54:23.628214333 43684/43684 bash  | read < SUCCESS | pipe  | args=res=1 data== 
01:54:23.628226727 43684/43684 bash  | read < SUCCESS | pipe  | args=res=1 data=" 
01:54:23.628240132 43684/43684 bash  | read < SUCCESS | pipe  | args=res=1 data=h 
01:54:23.628252706 43684/43684 bash  | read < SUCCESS | pipe  | args=res=1 data=t 
01:54:23.628265140 43684/43684 bash  | read < SUCCESS | pipe  | args=res=1 data=t 
01:54:23.628286932 43684/43684 bash  | read < SUCCESS | pipe  | args=res=1 data=p 
01:54:23.634332627 43695/43695 bash  | write < SUCCESS | pipe  | args=res=1 data=d 
01:54:23.634352806 43695/43695 bash  | write < SUCCESS | pipe  | args=res=1 data=2 
01:54:23.634369327 43695/43695 bash  | write < SUCCESS | pipe  | args=res=1 data=0 
01:54:23.634384446 43695/43695 bash  | write < SUCCESS | pipe  | args=res=1 data=9 
01:54:23.634399725 43695/43695 bash  | write < SUCCESS | pipe  | args=res=1 data=4 
01:54:23.634413602 43695/43695 bash  | write < SUCCESS | pipe  | args=res=1 data=6 
01:54:23.634428931 43695/43695 bash  | write < SUCCESS | pipe  | args=res=1 data=4 
01:54:23.634441866 43695/43695 bash  | write < SUCCESS | pipe  | args=res=1 data=0 
01:54:23.634458818 43695/43695 bash  | write < SUCCESS | pipe  | args=res=1 data=5 
01:54:23.634473456 43695/43695 bash  | write < SUCCESS | pipe  | args=res=1 data=a 
01:54:23.634489818 43695/43695 bash  | write < SUCCESS | pipe  | args=res=1 data=2 
01:54:23.634506319 43695/43695 bash  | write < SUCCESS | pipe  | args=res=1 data=. 
01:54:23.634524073 43695/43695 bash  | write < SUCCESS | pipe  | args=res=1 data=p 
01:54:23.634553780 43695/43695 bash  | write < SUCCESS | pipe  | args=res=1 data=e 
01:54:23.634586202 43695/43695 bash  | write < SUCCESS | pipe  | args=res=1 data=m 
01:54:23.634607553 43695/43695 bash  | write < SUCCESS | pipe  | args=res=1 data=; 
01:54:23.634639534 43695/43695 bash  | write < SUCCESS | pipe  | args=res=1 data=  
01:54:23.634666586 43695/43695 bash  | write < SUCCESS | pipe  | args=res=1 data=o 
01:54:23.634695662 43695/43695 bash  | write < SUCCESS | pipe  | args=res=1 data=p 
01:54:23.634723234 43695/43695 bash  | write < SUCCESS | pipe  | args=res=1 data=e 
01:54:23.634739425 43695/43695 bash  | write < SUCCESS | pipe  | args=res=1 data=n 
01:54:23.634774512 43695/43695 bash  | write < SUCCESS | pipe  | args=res=1 data=s 
01:54:23.634808377 43695/43695 bash  | write < SUCCESS | pipe  | args=res=1 data=s 
01:54:23.634815691 43684/43684 bash  | read < SUCCESS | pipe  | args=res=1 data=s 
01:54:23.634828155 43695/43695 bash  | write < SUCCESS | pipe  | args=res=1 data=l 
01:54:23.634833084 43684/43684 bash  | read < SUCCESS | pipe  | args=res=1 data=l 
01:54:23.634845007 43695/43695 bash  | write < SUCCESS | pipe  | args=res=1 data=  
01:54:23.634848905 43684/43684 bash  | read < SUCCESS | pipe  | args=res=1 data=  
01:54:23.634861369 43695/43695 bash  | write < SUCCESS | pipe  | args=res=1 data=e 
01:54:23.634865096 43684/43684 bash  | read < SUCCESS | pipe  | args=res=1 data=e 
01:54:23.634881978 43695/43695 bash  | write < SUCCESS | pipe  | args=res=1 data=n 
01:54:23.634886617 43684/43684 bash  | read < SUCCESS | pipe  | args=res=1 data=n 
01:54:23.634908459 43695/43695 bash  | write < SUCCESS | pipe  | args=res=1 data=c 
01:54:23.634912106 43684/43684 bash  | read < SUCCESS | pipe  | args=res=1 data=c 
01:54:23.634940330 43695/43695 bash  | write < SUCCESS | pipe  | args=res=1 data=  
01:54:23.634943896 43684/43684 bash  | read < SUCCESS | pipe  | args=res=1 data=  
01:54:23.634959496 43695/43695 bash  | write < SUCCESS | pipe  | args=res=1 data=- 
01:54:23.634963283 43684/43684 bash  | read < SUCCESS | pipe  | args=res=1 data=- 
01:54:23.634975597 43695/43695 bash  | write < SUCCESS | pipe  | args=res=1 data=a 
01:54:23.634979344 43684/43684 bash  | read < SUCCESS | pipe  | args=res=1 data=a 
01:54:23.634992109 43695/43695 bash  | write < SUCCESS | pipe  | args=res=1 data=e 
01:54:23.634995816 43684/43684 bash  | read < SUCCESS | pipe  | args=res=1 data=e 
01:54:23.635010243 43695/43695 bash  | write < SUCCESS | pipe  | args=res=1 data=s 
01:54:23.635013500 43684/43684 bash  | read < SUCCESS | pipe  | args=res=1 data=s 
01:54:23.635025913 43695/43695 bash  | write < SUCCESS | pipe  | args=res=1 data=- 
01:54:23.635029610 43684/43684 bash  | read < SUCCESS | pipe  | args=res=1 data=- 
01:54:23.635044569 43695/43695 bash  | write < SUCCESS | pipe  | args=res=1 data=2 
01:54:23.635048336 43684/43684 bash  | read < SUCCESS | pipe  | args=res=1 data=2 
01:54:23.635060790 43695/43695 bash  | write < SUCCESS | pipe  | args=res=1 data=5 
01:54:23.635064547 43684/43684 bash  | read < SUCCESS | pipe  | args=res=1 data=5 
01:54:23.635078955 43695/43695 bash  | write < SUCCESS | pipe  | args=res=1 data=6 
01:54:23.635082722 43684/43684 bash  | read < SUCCESS | pipe  | args=res=1 data=6 
01:54:23.635095106 43695/43695 bash  | write < SUCCESS | pipe  | args=res=1 data=- 
01:54:23.635098843 43684/43684 bash  | read < SUCCESS | pipe  | args=res=1 data=- 
01:54:23.635111327 43695/43695 bash  | write < SUCCESS | pipe  | args=res=1 data=c 
01:54:23.635115044 43684/43684 bash  | read < SUCCESS | pipe  | args=res=1 data=c 
01:54:23.635130203 43695/43695 bash  | write < SUCCESS | pipe  | args=res=1 data=f 
01:54:23.635134982 43684/43684 bash  | read < SUCCESS | pipe  | args=res=1 data=f 
01:54:23.635147867 43695/43695 bash  | write < SUCCESS | pipe  | args=res=1 data=b 
01:54:23.635151584 43684/43684 bash  | read < SUCCESS | pipe  | args=res=1 data=b 
01:54:23.635165380 43695/43695 bash  | write < SUCCESS | pipe  | args=res=1 data=  
01:54:23.635169087 43684/43684 bash  | read < SUCCESS | pipe  | args=res=1 data=  
01:54:23.635180760 43695/43695 bash  | write < SUCCESS | pipe  | args=res=1 data=- 
01:54:23.635184457 43684/43684 bash  | read < SUCCESS | pipe  | args=res=1 data=- 
01:54:23.635199085 43695/43695 bash  | write < SUCCESS | pipe  | args=res=1 data=K 
01:54:23.635202782 43684/43684 bash  | read < SUCCESS | pipe  | args=res=1 data=K 
01:54:23.635216017 43695/43695 bash  | write < SUCCESS | pipe  | args=res=1 data=  
01:54:23.635219724 43684/43684 bash  | read < SUCCESS | pipe  | args=res=1 data=  
01:54:23.635231416 43695/43695 bash  | write < SUCCESS | pipe  | args=res=1 data=" 
01:54:23.635235093 43684/43684 bash  | read < SUCCESS | pipe  | args=res=1 data=" 
01:54:23.635248750 43695/43695 bash  | write < SUCCESS | pipe  | args=res=1 data=$ 
01:54:23.635253338 43684/43684 bash  | read < SUCCESS | pipe  | args=res=1 data=$ 
01:54:23.635266924 43695/43695 bash  | write < SUCCESS | pipe  | args=res=1 data=( 
01:54:23.635270651 43684/43684 bash  | read < SUCCESS | pipe  | args=res=1 data=( 
01:54:23.635312662 43684/43684 bash  | read < SUCCESS | pipe  | args=res=1 data=h 
01:54:23.635330286 43684/43684 bash  | read < SUCCESS | pipe  | args=res=1 data=e 
01:54:23.635345805 43684/43684 bash  | read < SUCCESS | pipe  | args=res=1 data=a 
01:54:23.635359171 43684/43684 bash  | read < SUCCESS | pipe  | args=res=1 data=d 
01:54:23.635371925 43684/43684 bash  | read < SUCCESS | pipe  | args=res=1 data=  
01:54:23.635386293 43684/43684 bash  | read < SUCCESS | pipe  | args=res=1 data=- 
01:54:23.635400480 43684/43684 bash  | read < SUCCESS | pipe  | args=res=1 data=c 
01:54:23.635414166 43684/43684 bash  | read < SUCCESS | pipe  | args=res=1 data=  
01:54:23.635428704 43684/43684 bash  | read < SUCCESS | pipe  | args=res=1 data=6 
01:54:23.635443983 43684/43684 bash  | read < SUCCESS | pipe  | args=res=1 data=4 
01:54:23.635456908 43684/43684 bash  | read < SUCCESS | pipe  | args=res=1 data=  
01:54:23.635469732 43684/43684 bash  | read < SUCCESS | pipe  | args=res=1 data=/ 
01:54:23.635484230 43684/43684 bash  | read < SUCCESS | pipe  | args=res=1 data=t 
01:54:23.635499740 43684/43684 bash  | read < SUCCESS | pipe  | args=res=1 data=m 
01:54:23.635510921 43684/43684 bash  | read < SUCCESS | pipe  | args=res=1 data=p 
01:54:23.635522263 43684/43684 bash  | read < SUCCESS | pipe  | args=res=1 data=/ 
01:54:23.635536480 43684/43684 bash  | read < SUCCESS | pipe  | args=res=1 data=i 
01:54:23.635549014 43684/43684 bash  | read < SUCCESS | pipe  | args=res=1 data=n 
01:54:23.635569774 43684/43684 bash  | read < SUCCESS | pipe  | args=res=1 data=i 
01:54:23.635599200 43684/43684 bash  | read < SUCCESS | pipe  | args=res=1 data=t 
01:54:23.635617495 43684/43684 bash  | read < SUCCESS | pipe  | args=res=1 data=. 
01:54:23.635640589 43684/43684 bash  | read < SUCCESS | pipe  | args=res=1 data=t 
01:54:23.635661249 43684/43684 bash  | read < SUCCESS | pipe  | args=res=1 data=x 
01:54:23.635684423 43684/43684 bash  | read < SUCCESS | pipe  | args=res=1 data=t 
01:54:23.635706135 43684/43684 bash  | read < SUCCESS | pipe  | args=res=1 data=. 
01:54:23.635728327 43684/43684 bash  | read < SUCCESS | pipe  | args=res=1 data=p 
01:54:23.635753405 43684/43684 bash  | read < SUCCESS | pipe  | args=res=1 data=e 
01:54:23.635777852 43684/43684 bash  | read < SUCCESS | pipe  | args=res=1 data=m 
01:54:23.635798030 43684/43684 bash  | read < SUCCESS | pipe  | args=res=1 data=) 
01:54:23.635823439 43684/43684 bash  | read < SUCCESS | pipe  | args=res=1 data=" 
01:54:23.635851853 43684/43684 bash  | read < SUCCESS | pipe  | args=res=1 data=  
01:54:23.635868525 43684/43684 bash  | read < SUCCESS | pipe  | args=res=1 data=- 
01:54:23.635893082 43684/43684 bash  | read < SUCCESS | pipe  | args=res=1 data=i 
01:54:23.635915104 43684/43684 bash  | read < SUCCESS | pipe  | args=res=1 data=v 
01:54:23.635937427 43684/43684 bash  | read < SUCCESS | pipe  | args=res=1 data=  
01:54:23.635961052 43684/43684 bash  | read < SUCCESS | pipe  | args=res=1 data=" 
01:54:23.635985239 43684/43684 bash  | read < SUCCESS | pipe  | args=res=1 data=$ 
01:54:23.636005507 43684/43684 bash  | read < SUCCESS | pipe  | args=res=1 data=( 
01:54:23.636030144 43684/43684 bash  | read < SUCCESS | pipe  | args=res=1 data=t 
01:54:23.636051265 43684/43684 bash  | read < SUCCESS | pipe  | args=res=1 data=a 
01:54:23.636072105 43684/43684 bash  | read < SUCCESS | pipe  | args=res=1 data=i 
01:54:23.636094357 43684/43684 bash  | read < SUCCESS | pipe  | args=res=1 data=l 
01:54:23.636116810 43684/43684 bash  | read < SUCCESS | pipe  | args=res=1 data=  
01:54:23.636136929 43684/43684 bash  | read < SUCCESS | pipe  | args=res=1 data=- 
01:54:23.636158500 43684/43684 bash  | read < SUCCESS | pipe  | args=res=1 data=c 
01:54:23.636182045 43684/43684 bash  | read < SUCCESS | pipe  | args=res=1 data=  
01:54:23.636203246 43684/43684 bash  | read < SUCCESS | pipe  | args=res=1 data=3 
01:54:23.636223514 43684/43684 bash  | read < SUCCESS | pipe  | args=res=1 data=2 
01:54:23.636245967 43684/43684 bash  | read < SUCCESS | pipe  | args=res=1 data=  
01:54:23.636266988 43684/43684 bash  | read < SUCCESS | pipe  | args=res=1 data=/ 
01:54:23.636301403 43684/43684 bash  | read < SUCCESS | pipe  | args=res=1 data=t 
01:54:23.636322674 43684/43684 bash  | read < SUCCESS | pipe  | args=res=1 data=m 
01:54:23.636344816 43684/43684 bash  | read < SUCCESS | pipe  | args=res=1 data=p 
01:54:23.636365326 43684/43684 bash  | read < SUCCESS | pipe  | args=res=1 data=/ 
01:54:23.636387969 43684/43684 bash  | read < SUCCESS | pipe  | args=res=1 data=i 
01:54:23.636407797 43684/43684 bash  | read < SUCCESS | pipe  | args=res=1 data=n 
01:54:23.636428707 43684/43684 bash  | read < SUCCESS | pipe  | args=res=1 data=i 
01:54:23.636450098 43684/43684 bash  | read < SUCCESS | pipe  | args=res=1 data=t 
01:54:23.636470286 43684/43684 bash  | read < SUCCESS | pipe  | args=res=1 data=. 
01:54:23.636493170 43684/43684 bash  | read < SUCCESS | pipe  | args=res=1 data=t 
01:54:23.636517918 43684/43684 bash  | read < SUCCESS | pipe  | args=res=1 data=x 
01:54:23.636537245 43684/43684 bash  | read < SUCCESS | pipe  | args=res=1 data=t 
01:54:23.636558776 43684/43684 bash  | read < SUCCESS | pipe  | args=res=1 data=. 
01:54:23.636580297 43684/43684 bash  | read < SUCCESS | pipe  | args=res=1 data=p 
01:54:23.636600065 43684/43684 bash  | read < SUCCESS | pipe  | args=res=1 data=e 
01:54:23.636627337 43684/43684 bash  | read < SUCCESS | pipe  | args=res=1 data=m 
01:54:23.636646884 43684/43684 bash  | read < SUCCESS | pipe  | args=res=1 data=) 
01:54:23.636667303 43684/43684 bash  | read < SUCCESS | pipe  | args=res=1 data=" 
01:54:23.636688354 43684/43684 bash  | read < SUCCESS | pipe  | args=res=1 data=  
01:54:23.636709664 43684/43684 bash  | read < SUCCESS | pipe  | args=res=1 data=- 
01:54:23.636731196 43684/43684 bash  | read < SUCCESS | pipe  | args=res=1 data=i 
01:54:23.636749821 43684/43684 bash  | read < SUCCESS | pipe  | args=res=1 data=n 
01:54:23.636768918 43684/43684 bash  | read < SUCCESS | pipe  | args=res=1 data=  
01:54:23.636787854 43684/43684 bash  | read < SUCCESS | pipe  | args=res=1 data=" 
01:54:23.636810147 43684/43684 bash  | read < SUCCESS | pipe  | args=res=1 data=$ 
01:54:23.636833461 43684/43684 bash  | read < SUCCESS | pipe  | args=res=1 data=F 
01:54:23.636855734 43684/43684 bash  | read < SUCCESS | pipe  | args=res=1 data=" 
01:54:23.636879249 43684/43684 bash  | read < SUCCESS | pipe  | args=res=1 data=  
01:54:23.636898606 43684/43684 bash  | read < SUCCESS | pipe  | args=res=1 data=| 
01:54:23.636918845 43684/43684 bash  | read < SUCCESS | pipe  | args=res=1 data=  
01:54:23.636940686 43684/43684 bash  | read < SUCCESS | pipe  | args=res=1 data=x 
01:54:23.636962057 43684/43684 bash  | read < SUCCESS | pipe  | args=res=1 data=x 
01:54:23.636982136 43684/43684 bash  | read < SUCCESS | pipe  | args=res=1 data=d 
01:54:23.637003446 43684/43684 bash  | read < SUCCESS | pipe  | args=res=1 data=  
01:54:23.637022793 43684/43684 bash  | read < SUCCESS | pipe  | args=res=1 data=- 
01:54:23.637045517 43684/43684 bash  | read < SUCCESS | pipe  | args=res=1 data=p 
01:54:23.637065786 43684/43684 bash  | read < SUCCESS | pipe  | args=res=1 data=  
01:54:23.637087678 43684/43684 bash  | read < SUCCESS | pipe  | args=res=1 data=| 
01:54:23.637107165 43684/43684 bash  | read < SUCCESS | pipe  | args=res=1 data=  
01:54:23.637127854 43684/43684 bash  | read < SUCCESS | pipe  | args=res=1 data=r 
01:54:23.637151580 43684/43684 bash  | read < SUCCESS | pipe  | args=res=1 data=e 
01:54:23.637170296 43684/43684 bash  | read < SUCCESS | pipe  | args=res=1 data=v 
01:54:23.637191837 43684/43684 bash  | read < SUCCESS | pipe  | args=res=1 data=  
01:54:23.637211554 43684/43684 bash  | read < SUCCESS | pipe  | args=res=1 data=| 
01:54:23.637232485 43684/43684 bash  | read < SUCCESS | pipe  | args=res=1 data=  
01:54:23.637254978 43684/43684 bash  | read < SUCCESS | pipe  | args=res=1 data=x 
01:54:23.637288201 43684/43684 bash  | read < SUCCESS | pipe  | args=res=1 data=x 
01:54:23.637308229 43684/43684 bash  | read < SUCCESS | pipe  | args=res=1 data=d 
01:54:23.637330211 43684/43684 bash  | read < SUCCESS | pipe  | args=res=1 data=  
01:54:23.637354518 43684/43684 bash  | read < SUCCESS | pipe  | args=res=1 data=- 
01:54:23.637378694 43684/43684 bash  | read < SUCCESS | pipe  | args=res=1 data=r 
01:54:23.637400185 43684/43684 bash  | read < SUCCESS | pipe  | args=res=1 data=  
01:54:23.637420133 43684/43684 bash  | read < SUCCESS | pipe  | args=res=1 data=- 
01:54:23.637441344 43684/43684 bash  | read < SUCCESS | pipe  | args=res=1 data=p 
01:54:23.637466753 43684/43684 bash  | read < SUCCESS | pipe  | args=res=1 data=  
01:54:23.637487863 43684/43684 bash  | read < SUCCESS | pipe  | args=res=1 data=| 
01:54:23.637509184 43684/43684 bash  | read < SUCCESS | pipe  | args=res=1 data=  
01:54:23.637531176 43684/43684 bash  | read < SUCCESS | pipe  | args=res=1 data=t 
01:54:23.637553138 43684/43684 bash  | read < SUCCESS | pipe  | args=res=1 data=e 
01:54:23.637565602 43684/43684 bash  | read < SUCCESS | pipe  | args=res=1 data=e 
01:54:23.637579889 43684/43684 bash  | read < SUCCESS | pipe  | args=res=1 data=  
01:54:23.637597994 43684/43684 bash  | read < SUCCESS | pipe  | args=res=1 data=" 
01:54:23.637619294 43684/43684 bash  | read < SUCCESS | pipe  | args=res=1 data=$ 
01:54:23.637640525 43684/43684 bash  | read < SUCCESS | pipe  | args=res=1 data=E 
01:54:23.637659662 43684/43684 bash  | read < SUCCESS | pipe  | args=res=1 data=N 
01:54:23.637680221 43684/43684 bash  | read < SUCCESS | pipe  | args=res=1 data=C 
01:54:23.637701011 43684/43684 bash  | read < SUCCESS | pipe  | args=res=1 data=" 
01:54:23.637725999 43684/43684 bash  | read < SUCCESS | pipe  | args=res=1 data=  
01:54:23.637745766 43684/43684 bash  | read < SUCCESS | pipe  | args=res=1 data=> 
01:54:23.637766787 43684/43684 bash  | read < SUCCESS | pipe  | args=res=1 data=  
01:54:23.637784510 43684/43684 bash  | read < SUCCESS | pipe  | args=res=1 data=/ 
01:54:23.637796924 43684/43684 bash  | read < SUCCESS | pipe  | args=res=1 data=d 
01:54:23.637810891 43684/43684 bash  | read < SUCCESS | pipe  | args=res=1 data=e 
01:54:23.637823635 43684/43684 bash  | read < SUCCESS | pipe  | args=res=1 data=v 
01:54:23.637836189 43684/43684 bash  | read < SUCCESS | pipe  | args=res=1 data=/ 
01:54:23.637848423 43684/43684 bash  | read < SUCCESS | pipe  | args=res=1 data=n 
01:54:23.637862550 43684/43684 bash  | read < SUCCESS | pipe  | args=res=1 data=u 
01:54:23.637875084 43684/43684 bash  | read < SUCCESS | pipe  | args=res=1 data=l 
01:54:23.637888049 43684/43684 bash  | read < SUCCESS | pipe  | args=res=1 data=l 
01:54:23.637900312 43684/43684 bash  | read < SUCCESS | pipe  | args=res=1 data=; 
01:54:23.637912595 43684/43684 bash  | read < SUCCESS | pipe  | args=res=1 data=  
01:54:23.637926622 43684/43684 bash  | read < SUCCESS | pipe  | args=res=1 data=s 
01:54:23.637940679 43684/43684 bash  | read < SUCCESS | pipe  | args=res=1 data=p 
01:54:23.637952822 43684/43684 bash  | read < SUCCESS | pipe  | args=res=1 data=l 
01:54:23.637966288 43684/43684 bash  | read < SUCCESS | pipe  | args=res=1 data=i 
01:54:23.637979554 43684/43684 bash  | read < SUCCESS | pipe  | args=res=1 data=t 
01:54:23.637991717 43684/43684 bash  | read < SUCCESS | pipe  | args=res=1 data=  
01:54:23.638003740 43684/43684 bash  | read < SUCCESS | pipe  | args=res=1 data=- 
01:54:23.638027285 43684/43684 bash  | read < SUCCESS | pipe  | args=res=1 data=b 
01:54:23.638034118 43684/43684 bash  | read < SUCCESS | pipe  | args=res=1 data=  
01:54:23.638046842 43684/43684 bash  | read < SUCCESS | pipe  | args=res=1 data=2 
01:54:23.638063544 43684/43684 bash  | read < SUCCESS | pipe  | args=res=1 data=5 
01:54:23.638086859 43684/43684 bash  | read < SUCCESS | pipe  | args=res=1 data=0 
01:54:23.638103130 43684/43684 bash  | read < SUCCESS | pipe  | args=res=1 data=  
01:54:23.638117207 43684/43684 bash  | read < SUCCESS | pipe  | args=res=1 data=- 
01:54:23.638133819 43684/43684 bash  | read < SUCCESS | pipe  | args=res=1 data=d 
01:54:23.638147314 43684/43684 bash  | read < SUCCESS | pipe  | args=res=1 data=  
01:54:23.638162093 43684/43684 bash  | read < SUCCESS | pipe  | args=res=1 data=- 
01:54:23.638177222 43684/43684 bash  | read < SUCCESS | pipe  | args=res=1 data=a 
01:54:23.638191960 43684/43684 bash  | read < SUCCESS | pipe  | args=res=1 data=  
01:54:23.638205255 43684/43684 bash  | read < SUCCESS | pipe  | args=res=1 data=6 
01:54:23.638224672 43684/43684 bash  | read < SUCCESS | pipe  | args=res=1 data=  
01:54:23.638239731 43684/43684 bash  | read < SUCCESS | pipe  | args=res=1 data=" 
01:54:23.638255151 43684/43684 bash  | read < SUCCESS | pipe  | args=res=1 data=$ 
01:54:23.638270410 43684/43684 bash  | read < SUCCESS | pipe  | args=res=1 data=E 
01:54:23.638300588 43684/43684 bash  | read < SUCCESS | pipe  | args=res=1 data=N 
01:54:23.638322800 43684/43684 bash  | read < SUCCESS | pipe  | args=res=1 data=C 
01:54:23.638338390 43684/43684 bash  | read < SUCCESS | pipe  | args=res=1 data=" 
01:54:23.638355212 43684/43684 bash  | read < SUCCESS | pipe  | args=res=1 data=  
01:54:23.638369860 43684/43684 bash  | read < SUCCESS | pipe  | args=res=1 data=" 
01:54:23.638384007 43684/43684 bash  | read < SUCCESS | pipe  | args=res=1 data=/ 
01:54:23.638397683 43684/43684 bash  | read < SUCCESS | pipe  | args=res=1 data=t 
01:54:23.638410388 43684/43684 bash  | read < SUCCESS | pipe  | args=res=1 data=m 
01:54:23.638425376 43684/43684 bash  | read < SUCCESS | pipe  | args=res=1 data=p 
01:54:23.638437910 43684/43684 bash  | read < SUCCESS | pipe  | args=res=1 data=/ 
01:54:23.638452017 43684/43684 bash  | read < SUCCESS | pipe  | args=res=1 data=$ 
01:54:23.638464100 43684/43684 bash  | read < SUCCESS | pipe  | args=res=1 data={ 
01:54:23.638480482 43684/43684 bash  | read < SUCCESS | pipe  | args=res=1 data=R 
01:54:23.638493847 43684/43684 bash  | read < SUCCESS | pipe  | args=res=1 data=E 
01:54:23.638508796 43684/43684 bash  | read < SUCCESS | pipe  | args=res=1 data=L 
01:54:23.638520729 43684/43684 bash  | read < SUCCESS | pipe  | args=res=1 data=/ 
01:54:23.638535908 43684/43684 bash  | read < SUCCESS | pipe  | args=res=1 data=/ 
01:54:23.638549083 43684/43684 bash  | read < SUCCESS | pipe  | args=res=1 data=\ 
01:54:23.638561547 43684/43684 bash  | read < SUCCESS | pipe  | args=res=1 data=/ 
01:54:23.638574532 43684/43684 bash  | read < SUCCESS | pipe  | args=res=1 data=/ 
01:54:23.638587687 43684/43684 bash  | read < SUCCESS | pipe  | args=res=1 data=_ 
01:54:23.638601543 43684/43684 bash  | read < SUCCESS | pipe  | args=res=1 data=_ 
01:54:23.638613456 43684/43684 bash  | read < SUCCESS | pipe  | args=res=1 data=} 
01:54:23.638626651 43684/43684 bash  | read < SUCCESS | pipe  | args=res=1 data=. 
01:54:23.638639025 43684/43684 bash  | read < SUCCESS | pipe  | args=res=1 data=e 
01:54:23.638651729 43684/43684 bash  | read < SUCCESS | pipe  | args=res=1 data=n 
01:54:23.638665185 43684/43684 bash  | read < SUCCESS | pipe  | args=res=1 data=c 
01:54:23.638677388 43684/43684 bash  | read < SUCCESS | pipe  | args=res=1 data=. 
01:54:23.638689953 43684/43684 bash  | read < SUCCESS | pipe  | args=res=1 data=" 
01:54:23.638702356 43684/43684 bash  | read < SUCCESS | pipe  | args=res=1 data=; 
01:54:23.638714570 43684/43684 bash  | read < SUCCESS | pipe  | args=res=1 data=  
01:54:23.638727665 43684/43684 bash  | read < SUCCESS | pipe  | args=res=1 data=f 
01:54:23.638739668 43684/43684 bash  | read < SUCCESS | pipe  | args=res=1 data=o 
01:54:23.638752873 43684/43684 bash  | read < SUCCESS | pipe  | args=res=1 data=r 
01:54:23.638766479 43684/43684 bash  | read < SUCCESS | pipe  | args=res=1 data=  
01:54:23.638778913 43684/43684 bash  | read < SUCCESS | pipe  | args=res=1 data=C 
01:54:23.638793060 43684/43684 bash  | read < SUCCESS | pipe  | args=res=1 data=  
01:54:23.638805453 43684/43684 bash  | read < SUCCESS | pipe  | args=res=1 data=i 
01:54:23.638817837 43684/43684 bash  | read < SUCCESS | pipe  | args=res=1 data=n 
01:54:23.638832205 43684/43684 bash  | read < SUCCESS | pipe  | args=res=1 data=  
01:54:23.638844598 43684/43684 bash  | read < SUCCESS | pipe  | args=res=1 data=/ 
01:54:23.638857533 43684/43684 bash  | read < SUCCESS | pipe  | args=res=1 data=t 
01:54:23.638870298 43684/43684 bash  | read < SUCCESS | pipe  | args=res=1 data=m 
01:54:23.638884254 43684/43684 bash  | read < SUCCESS | pipe  | args=res=1 data=p 
01:54:23.638896728 43684/43684 bash  | read < SUCCESS | pipe  | args=res=1 data=/ 
01:54:23.638909032 43684/43684 bash  | read < SUCCESS | pipe  | args=res=1 data=$ 
01:54:23.638921736 43684/43684 bash  | read < SUCCESS | pipe  | args=res=1 data={ 
01:54:23.638935302 43684/43684 bash  | read < SUCCESS | pipe  | args=res=1 data=R 
01:54:23.638947475 43684/43684 bash  | read < SUCCESS | pipe  | args=res=1 data=E 
01:54:23.638960921 43684/43684 bash  | read < SUCCESS | pipe  | args=res=1 data=L 
01:54:23.638972914 43684/43684 bash  | read < SUCCESS | pipe  | args=res=1 data=/ 
01:54:23.638985247 43684/43684 bash  | read < SUCCESS | pipe  | args=res=1 data=/ 
01:54:23.638998032 43684/43684 bash  | read < SUCCESS | pipe  | args=res=1 data=\ 
01:54:23.639009885 43684/43684 bash  | read < SUCCESS | pipe  | args=res=1 data=/ 
01:54:23.639022499 43684/43684 bash  | read < SUCCESS | pipe  | args=res=1 data=/ 
01:54:23.639035273 43684/43684 bash  | read < SUCCESS | pipe  | args=res=1 data=_ 
01:54:23.639047777 43684/43684 bash  | read < SUCCESS | pipe  | args=res=1 data=_ 
01:54:23.639060251 43684/43684 bash  | read < SUCCESS | pipe  | args=res=1 data=} 
01:54:23.639072815 43684/43684 bash  | read < SUCCESS | pipe  | args=res=1 data=. 
01:54:23.639085289 43684/43684 bash  | read < SUCCESS | pipe  | args=res=1 data=e 
01:54:23.639098364 43684/43684 bash  | read < SUCCESS | pipe  | args=res=1 data=n 
01:54:23.639110958 43684/43684 bash  | read < SUCCESS | pipe  | args=res=1 data=c 
01:54:23.639123191 43684/43684 bash  | read < SUCCESS | pipe  | args=res=1 data=. 
01:54:23.639137348 43684/43684 bash  | read < SUCCESS | pipe  | args=res=1 data=* 
01:54:23.639149993 43684/43684 bash  | read < SUCCESS | pipe  | args=res=1 data=; 
01:54:23.639162476 43684/43684 bash  | read < SUCCESS | pipe  | args=res=1 data=  
01:54:23.639175171 43684/43684 bash  | read < SUCCESS | pipe  | args=res=1 data=d 
01:54:23.639188085 43684/43684 bash  | read < SUCCESS | pipe  | args=res=1 data=o 
01:54:23.639200950 43684/43684 bash  | read < SUCCESS | pipe  | args=res=1 data=  
01:54:23.639215177 43684/43684 bash  | read < SUCCESS | pipe  | args=res=1 data=e 
01:54:23.639229074 43684/43684 bash  | read < SUCCESS | pipe  | args=res=1 data=c 
01:54:23.639242900 43684/43684 bash  | read < SUCCESS | pipe  | args=res=1 data=h 
01:54:23.639255194 43684/43684 bash  | read < SUCCESS | pipe  | args=res=1 data=o 
01:54:23.639268239 43684/43684 bash  | read < SUCCESS | pipe  | args=res=1 data=  
01:54:23.639290531 43684/43684 bash  | read < SUCCESS | pipe  | args=res=1 data=" 
01:54:23.639303406 43684/43684 bash  | read < SUCCESS | pipe  | args=res=1 data=[ 
01:54:23.639316291 43684/43684 bash  | read < SUCCESS | pipe  | args=res=1 data=* 
01:54:23.639328684 43684/43684 bash  | read < SUCCESS | pipe  | args=res=1 data=] 
01:54:23.639342331 43684/43684 bash  | read < SUCCESS | pipe  | args=res=1 data=  
01:54:23.639356928 43684/43684 bash  | read < SUCCESS | pipe  | args=res=1 data=U 
01:54:23.639369202 43684/43684 bash  | read < SUCCESS | pipe  | args=res=1 data=p 
01:54:23.639382718 43684/43684 bash  | read < SUCCESS | pipe  | args=res=1 data=l 
01:54:23.639394981 43684/43684 bash  | read < SUCCESS | pipe  | args=res=1 data=o 
01:54:23.639408477 43684/43684 bash  | read < SUCCESS | pipe  | args=res=1 data=a 
01:54:23.639423155 43684/43684 bash  | read < SUCCESS | pipe  | args=res=1 data=d 
01:54:23.639437042 43684/43684 bash  | read < SUCCESS | pipe  | args=res=1 data=i 
01:54:23.639449015 43684/43684 bash  | read < SUCCESS | pipe  | args=res=1 data=n 
01:54:23.639462170 43684/43684 bash  | read < SUCCESS | pipe  | args=res=1 data=g 
01:54:23.639474263 43684/43684 bash  | read < SUCCESS | pipe  | args=res=1 data=  
01:54:23.639488600 43684/43684 bash  | read < SUCCESS | pipe  | args=res=1 data=$ 
01:54:23.639502777 43684/43684 bash  | read < SUCCESS | pipe  | args=res=1 data=R 
01:54:23.639515201 43684/43684 bash  | read < SUCCESS | pipe  | args=res=1 data=E 
01:54:23.639527855 43684/43684 bash  | read < SUCCESS | pipe  | args=res=1 data=L 
01:54:23.639540179 43684/43684 bash  | read < SUCCESS | pipe  | args=res=1 data=  
01:54:23.639551781 43684/43684 bash  | read < SUCCESS | pipe  | args=res=1 data=- 
01:54:23.639564295 43684/43684 bash  | read < SUCCESS | pipe  | args=res=1 data=> 
01:54:23.639579324 43684/43684 bash  | read < SUCCESS | pipe  | args=res=1 data=  
01:54:23.639591768 43684/43684 bash  | read < SUCCESS | pipe  | args=res=1 data=$ 
01:54:23.639604612 43684/43684 bash  | read < SUCCESS | pipe  | args=res=1 data=( 
01:54:23.639617006 43684/43684 bash  | read < SUCCESS | pipe  | args=res=1 data=b 
01:54:23.639630261 43684/43684 bash  | read < SUCCESS | pipe  | args=res=1 data=a 
01:54:23.639643867 43684/43684 bash  | read < SUCCESS | pipe  | args=res=1 data=s 
01:54:23.639656251 43684/43684 bash  | read < SUCCESS | pipe  | args=res=1 data=e 
01:54:23.639668404 43684/43684 bash  | read < SUCCESS | pipe  | args=res=1 data=n 
01:54:23.639680848 43684/43684 bash  | read < SUCCESS | pipe  | args=res=1 data=a 
01:54:23.639693623 43684/43684 bash  | read < SUCCESS | pipe  | args=res=1 data=m 
01:54:23.639705766 43684/43684 bash  | read < SUCCESS | pipe  | args=res=1 data=e 
01:54:23.639719572 43684/43684 bash  | read < SUCCESS | pipe  | args=res=1 data=  
01:54:23.639732246 43684/43684 bash  | read < SUCCESS | pipe  | args=res=1 data=" 
01:54:23.639745492 43684/43684 bash  | read < SUCCESS | pipe  | args=res=1 data=$ 
01:54:23.639758747 43684/43684 bash  | read < SUCCESS | pipe  | args=res=1 data=C 
01:54:23.639772574 43684/43684 bash  | read < SUCCESS | pipe  | args=res=1 data=" 
01:54:23.639786290 43684/43684 bash  | read < SUCCESS | pipe  | args=res=1 data=) 
01:54:23.639800006 43684/43684 bash  | read < SUCCESS | pipe  | args=res=1 data=" 
01:54:23.639812300 43684/43684 bash  | read < SUCCESS | pipe  | args=res=1 data=; 
01:54:23.639824323 43684/43684 bash  | read < SUCCESS | pipe  | args=res=1 data=  
01:54:23.639836987 43684/43684 bash  | read < SUCCESS | pipe  | args=res=1 data=c 
01:54:23.639853518 43684/43684 bash  | read < SUCCESS | pipe  | args=res=1 data=u 
01:54:23.639867826 43684/43684 bash  | read < SUCCESS | pipe  | args=res=1 data=r 
01:54:23.639880751 43684/43684 bash  | read < SUCCESS | pipe  | args=res=1 data=l 
01:54:23.639893345 43684/43684 bash  | read < SUCCESS | pipe  | args=res=1 data=  
01:54:23.639905708 43684/43684 bash  | read < SUCCESS | pipe  | args=res=1 data=- 
01:54:23.639918954 43684/43684 bash  | read < SUCCESS | pipe  | args=res=1 data=X 
01:54:23.639932059 43684/43684 bash  | read < SUCCESS | pipe  | args=res=1 data=  
01:54:23.639944472 43684/43684 bash  | read < SUCCESS | pipe  | args=res=1 data=P 
01:54:23.639956966 43684/43684 bash  | read < SUCCESS | pipe  | args=res=1 data=O 
01:54:23.639970582 43684/43684 bash  | read < SUCCESS | pipe  | args=res=1 data=S 
01:54:23.639983677 43684/43684 bash  | read < SUCCESS | pipe  | args=res=1 data=T 
01:54:23.639997664 43684/43684 bash  | read < SUCCESS | pipe  | args=res=1 data=  
01:54:23.640011901 43684/43684 bash  | read < SUCCESS | pipe  | args=res=1 data=" 
01:54:23.640024075 43684/43684 bash  | read < SUCCESS | pipe  | args=res=1 data=$ 
01:54:23.640036679 43684/43684 bash  | read < SUCCESS | pipe  | args=res=1 data=U 
01:54:23.640051116 43684/43684 bash  | read < SUCCESS | pipe  | args=res=1 data=R 
01:54:23.640062949 43684/43684 bash  | read < SUCCESS | pipe  | args=res=1 data=L 
01:54:23.640075373 43684/43684 bash  | read < SUCCESS | pipe  | args=res=1 data=" 
01:54:23.640089951 43684/43684 bash  | read < SUCCESS | pipe  | args=res=1 data=  
01:54:23.640102455 43684/43684 bash  | read < SUCCESS | pipe  | args=res=1 data=- 
01:54:23.640116762 43684/43684 bash  | read < SUCCESS | pipe  | args=res=1 data=H 
01:54:23.640130378 43684/43684 bash  | read < SUCCESS | pipe  | args=res=1 data=  
01:54:23.640144094 43684/43684 bash  | read < SUCCESS | pipe  | args=res=1 data=" 
01:54:23.640158552 43684/43684 bash  | read < SUCCESS | pipe  | args=res=1 data=C 
01:54:23.640171787 43684/43684 bash  | read < SUCCESS | pipe  | args=res=1 data=o 
01:54:23.640185133 43684/43684 bash  | read < SUCCESS | pipe  | args=res=1 data=n 
01:54:23.640199510 43684/43684 bash  | read < SUCCESS | pipe  | args=res=1 data=t 
01:54:23.640212986 43684/43684 bash  | read < SUCCESS | pipe  | args=res=1 data=e 
01:54:23.640225660 43684/43684 bash  | read < SUCCESS | pipe  | args=res=1 data=n 
01:54:23.640239367 43684/43684 bash  | read < SUCCESS | pipe  | args=res=1 data=t 
01:54:23.640252271 43684/43684 bash  | read < SUCCESS | pipe  | args=res=1 data=- 
01:54:23.640265186 43684/43684 bash  | read < SUCCESS | pipe  | args=res=1 data=T 
01:54:23.640289492 43684/43684 bash  | read < SUCCESS | pipe  | args=res=1 data=y 
01:54:23.640299942 43684/43684 bash  | read < SUCCESS | pipe  | args=res=1 data=p 
01:54:23.640312957 43684/43684 bash  | read < SUCCESS | pipe  | args=res=1 data=e 
01:54:23.640326473 43684/43684 bash  | read < SUCCESS | pipe  | args=res=1 data=: 
01:54:23.640339628 43684/43684 bash  | read < SUCCESS | pipe  | args=res=1 data=  
01:54:23.640353164 43684/43684 bash  | read < SUCCESS | pipe  | args=res=1 data=a 
01:54:23.640367091 43684/43684 bash  | read < SUCCESS | pipe  | args=res=1 data=p 
01:54:23.640379755 43684/43684 bash  | read < SUCCESS | pipe  | args=res=1 data=p 
01:54:23.640392109 43684/43684 bash  | read < SUCCESS | pipe  | args=res=1 data=l 
01:54:23.640405144 43684/43684 bash  | read < SUCCESS | pipe  | args=res=1 data=i 
01:54:23.640419261 43684/43684 bash  | read < SUCCESS | pipe  | args=res=1 data=c 
01:54:23.640432967 43684/43684 bash  | read < SUCCESS | pipe  | args=res=1 data=a 
01:54:23.640445591 43684/43684 bash  | read < SUCCESS | pipe  | args=res=1 data=t 
01:54:23.640459087 43684/43684 bash  | read < SUCCESS | pipe  | args=res=1 data=i 
01:54:23.640472062 43684/43684 bash  | read < SUCCESS | pipe  | args=res=1 data=o 
01:54:23.640485548 43684/43684 bash  | read < SUCCESS | pipe  | args=res=1 data=n 
01:54:23.640498172 43684/43684 bash  | read < SUCCESS | pipe  | args=res=1 data=/ 
01:54:23.640510716 43684/43684 bash  | read < SUCCESS | pipe  | args=res=1 data=j 
01:54:23.640523099 43684/43684 bash  | read < SUCCESS | pipe  | args=res=1 data=s 
01:54:23.640535253 43684/43684 bash  | read < SUCCESS | pipe  | args=res=1 data=o 
01:54:23.640547516 43684/43684 bash  | read < SUCCESS | pipe  | args=res=1 data=n 
01:54:23.640561132 43684/43684 bash  | read < SUCCESS | pipe  | args=res=1 data=" 
01:54:23.640573576 43684/43684 bash  | read < SUCCESS | pipe  | args=res=1 data=  
01:54:23.640586100 43684/43684 bash  | read < SUCCESS | pipe  | args=res=1 data=- 
01:54:23.640598514 43684/43684 bash  | read < SUCCESS | pipe  | args=res=1 data=d 
01:54:23.640610547 43684/43684 bash  | read < SUCCESS | pipe  | args=res=1 data=  
01:54:23.640622700 43684/43684 bash  | read < SUCCESS | pipe  | args=res=1 data=" 
01:54:23.640634943 43684/43684 bash  | read < SUCCESS | pipe  | args=res=1 data={ 
01:54:23.640647067 43684/43684 bash  | read < SUCCESS | pipe  | args=res=1 data=\ 
01:54:23.640659140 43684/43684 bash  | read < SUCCESS | pipe  | args=res=1 data=" 
01:54:23.640671593 43684/43684 bash  | read < SUCCESS | pipe  | args=res=1 data=d 
01:54:23.640684949 43684/43684 bash  | read < SUCCESS | pipe  | args=res=1 data=a 
01:54:23.640697403 43684/43684 bash  | read < SUCCESS | pipe  | args=res=1 data=t 
01:54:23.640710849 43684/43684 bash  | read < SUCCESS | pipe  | args=res=1 data=a 
01:54:23.640723543 43684/43684 bash  | read < SUCCESS | pipe  | args=res=1 data=\ 
01:54:23.640735856 43684/43684 bash  | read < SUCCESS | pipe  | args=res=1 data=" 
01:54:23.640748030 43684/43684 bash  | read < SUCCESS | pipe  | args=res=1 data=: 
01:54:23.640760664 43684/43684 bash  | read < SUCCESS | pipe  | args=res=1 data=\ 
01:54:23.640772907 43684/43684 bash  | read < SUCCESS | pipe  | args=res=1 data=" 
01:54:23.640786153 43684/43684 bash  | read < SUCCESS | pipe  | args=res=1 data=$ 
01:54:23.640799298 43684/43684 bash  | read < SUCCESS | pipe  | args=res=1 data=( 
01:54:23.640812794 43684/43684 bash  | read < SUCCESS | pipe  | args=res=1 data=x 
01:54:23.640825408 43684/43684 bash  | read < SUCCESS | pipe  | args=res=1 data=x 
01:54:23.640838974 43684/43684 bash  | read < SUCCESS | pipe  | args=res=1 data=d 
01:54:23.640852640 43684/43684 bash  | read < SUCCESS | pipe  | args=res=1 data=  
01:54:23.640865314 43684/43684 bash  | read < SUCCESS | pipe  | args=res=1 data=- 
01:54:23.640879161 43684/43684 bash  | read < SUCCESS | pipe  | args=res=1 data=p 
01:54:23.640893157 43684/43684 bash  | read < SUCCESS | pipe  | args=res=1 data=  
01:54:23.640905371 43684/43684 bash  | read < SUCCESS | pipe  | args=res=1 data=" 
01:54:23.640917554 43684/43684 bash  | read < SUCCESS | pipe  | args=res=1 data=$ 
01:54:23.640930128 43684/43684 bash  | read < SUCCESS | pipe  | args=res=1 data=C 
01:54:23.640942011 43684/43684 bash  | read < SUCCESS | pipe  | args=res=1 data=" 
01:54:23.640955406 43684/43684 bash  | read < SUCCESS | pipe  | args=res=1 data=  
01:54:23.640968221 43684/43684 bash  | read < SUCCESS | pipe  | args=res=1 data=| 
01:54:23.640981747 43684/43684 bash  | read < SUCCESS | pipe  | args=res=1 data=  
01:54:23.640994151 43684/43684 bash  | read < SUCCESS | pipe  | args=res=1 data=t 
01:54:23.641006634 43684/43684 bash  | read < SUCCESS | pipe  | args=res=1 data=r 
01:54:23.641020250 43684/43684 bash  | read < SUCCESS | pipe  | args=res=1 data=  
01:54:23.641032404 43684/43684 bash  | read < SUCCESS | pipe  | args=res=1 data=- 
01:54:23.641046370 43684/43684 bash  | read < SUCCESS | pipe  | args=res=1 data=d 
01:54:23.641059796 43684/43684 bash  | read < SUCCESS | pipe  | args=res=1 data=  
01:54:23.641071869 43684/43684 bash  | read < SUCCESS | pipe  | args=res=1 data=' 
01:54:23.641084093 43684/43684 bash  | read < SUCCESS | pipe  | args=res=1 data=\ 
01:54:23.641096106 43684/43684 bash  | read < SUCCESS | pipe  | args=res=1 data=n 
01:54:23.641108640 43684/43684 bash  | read < SUCCESS | pipe  | args=res=1 data=' 
01:54:23.641122135 43684/43684 bash  | read < SUCCESS | pipe  | args=res=1 data=  
01:54:23.641134429 43684/43684 bash  | read < SUCCESS | pipe  | args=res=1 data=| 
01:54:23.641148406 43684/43684 bash  | read < SUCCESS | pipe  | args=res=1 data=  
01:54:23.641161661 43684/43684 bash  | read < SUCCESS | pipe  | args=res=1 data=r 
01:54:23.642639788 43684/43684 bash  | read < SUCCESS | pipe  | args=res=1 data=e 
01:54:23.642654086 43684/43684 bash  | read < SUCCESS | pipe  | args=res=1 data=v 
01:54:23.642667972 43684/43684 bash  | read < SUCCESS | pipe  | args=res=1 data=  
01:54:23.642681508 43684/43684 bash  | read < SUCCESS | pipe  | args=res=1 data=) 
01:54:23.642695335 43684/43684 bash  | read < SUCCESS | pipe  | args=res=1 data=\ 
01:54:23.642708199 43684/43684 bash  | read < SUCCESS | pipe  | args=res=1 data=" 
01:54:23.642719030 43684/43684 bash  | read < SUCCESS | pipe  | args=res=1 data=, 
01:54:23.642731825 43684/43684 bash  | read < SUCCESS | pipe  | args=res=1 data=\ 
01:54:23.642743868 43684/43684 bash  | read < SUCCESS | pipe  | args=res=1 data=" 
01:54:23.642758195 43684/43684 bash  | read < SUCCESS | pipe  | args=res=1 data=c 
01:54:23.642772132 43684/43684 bash  | read < SUCCESS | pipe  | args=res=1 data=h 
01:54:23.642785086 43684/43684 bash  | read < SUCCESS | pipe  | args=res=1 data=u 
01:54:23.642798181 43684/43684 bash  | read < SUCCESS | pipe  | args=res=1 data=n 
01:54:23.642810695 43684/43684 bash  | read < SUCCESS | pipe  | args=res=1 data=k 
01:54:23.642823480 43684/43684 bash  | read < SUCCESS | pipe  | args=res=1 data=\ 
01:54:23.642837246 43684/43684 bash  | read < SUCCESS | pipe  | args=res=1 data=" 
01:54:23.642849800 43684/43684 bash  | read < SUCCESS | pipe  | args=res=1 data=: 
01:54:23.642862765 43684/43684 bash  | read < SUCCESS | pipe  | args=res=1 data=\ 
01:54:23.642876852 43684/43684 bash  | read < SUCCESS | pipe  | args=res=1 data=" 
01:54:23.642889626 43684/43684 bash  | read < SUCCESS | pipe  | args=res=1 data=$ 
01:54:23.642902371 43684/43684 bash  | read < SUCCESS | pipe  | args=res=1 data=( 
01:54:23.642915807 43684/43684 bash  | read < SUCCESS | pipe  | args=res=1 data=b 
01:54:23.642929392 43684/43684 bash  | read < SUCCESS | pipe  | args=res=1 data=a 
01:54:23.642943319 43684/43684 bash  | read < SUCCESS | pipe  | args=res=1 data=s 
01:54:23.642955613 43684/43684 bash  | read < SUCCESS | pipe  | args=res=1 data=e 
01:54:23.642968467 43684/43684 bash  | read < SUCCESS | pipe  | args=res=1 data=n 
01:54:23.642981041 43684/43684 bash  | read < SUCCESS | pipe  | args=res=1 data=a 
01:54:23.642993505 43684/43684 bash  | read < SUCCESS | pipe  | args=res=1 data=m 
01:54:23.643006911 43684/43684 bash  | read < SUCCESS | pipe  | args=res=1 data=e 
01:54:23.643020507 43684/43684 bash  | read < SUCCESS | pipe  | args=res=1 data=  
01:54:23.643033752 43684/43684 bash  | read < SUCCESS | pipe  | args=res=1 data=" 
01:54:23.643045455 43684/43684 bash  | read < SUCCESS | pipe  | args=res=1 data=$ 
01:54:23.643057818 43684/43684 bash  | read < SUCCESS | pipe  | args=res=1 data=C 
01:54:23.643071144 43684/43684 bash  | read < SUCCESS | pipe  | args=res=1 data=" 
01:54:23.643084289 43684/43684 bash  | read < SUCCESS | pipe  | args=res=1 data=) 
01:54:23.643096743 43684/43684 bash  | read < SUCCESS | pipe  | args=res=1 data=\ 
01:54:23.643110068 43684/43684 bash  | read < SUCCESS | pipe  | args=res=1 data=" 
01:54:23.643122522 43684/43684 bash  | read < SUCCESS | pipe  | args=res=1 data=} 
01:54:23.643134735 43684/43684 bash  | read < SUCCESS | pipe  | args=res=1 data=" 
01:54:23.643147159 43684/43684 bash  | read < SUCCESS | pipe  | args=res=1 data=; 
01:54:23.643160795 43684/43684 bash  | read < SUCCESS | pipe  | args=res=1 data=  
01:54:23.643173980 43684/43684 bash  | read < SUCCESS | pipe  | args=res=1 data=r 
01:54:23.643186574 43684/43684 bash  | read < SUCCESS | pipe  | args=res=1 data=m 
01:54:23.643200371 43684/43684 bash  | read < SUCCESS | pipe  | args=res=1 data=  
01:54:23.643213276 43684/43684 bash  | read < SUCCESS | pipe  | args=res=1 data=- 
01:54:23.643226801 43684/43684 bash  | read < SUCCESS | pipe  | args=res=1 data=f 
01:54:23.643241339 43684/43684 bash  | read < SUCCESS | pipe  | args=res=1 data=  
01:54:23.643254224 43684/43684 bash  | read < SUCCESS | pipe  | args=res=1 data=" 
01:54:23.643266768 43684/43684 bash  | read < SUCCESS | pipe  | args=res=1 data=$ 
01:54:23.643283971 43684/43684 bash  | read < SUCCESS | pipe  | args=res=1 data=C 
01:54:23.643297998 43684/43684 bash  | read < SUCCESS | pipe  | args=res=1 data=" 
01:54:23.643310712 43684/43684 bash  | read < SUCCESS | pipe  | args=res=1 data=; 
01:54:23.643323757 43684/43684 bash  | read < SUCCESS | pipe  | args=res=1 data=  
01:54:23.643337253 43684/43684 bash  | read < SUCCESS | pipe  | args=res=1 data=d 
01:54:23.643349516 43684/43684 bash  | read < SUCCESS | pipe  | args=res=1 data=o 
01:54:23.643362190 43684/43684 bash  | read < SUCCESS | pipe  | args=res=1 data=n 
01:54:23.643375827 43684/43684 bash  | read < SUCCESS | pipe  | args=res=1 data=e 
01:54:23.643388180 43684/43684 bash  | read < SUCCESS | pipe  | args=res=1 data=; 
01:54:23.643401906 43684/43684 bash  | read < SUCCESS | pipe  | args=res=1 data=  
01:54:23.643414250 43684/43684 bash  | read < SUCCESS | pipe  | args=res=1 data=r 
01:54:23.643426423 43684/43684 bash  | read < SUCCESS | pipe  | args=res=1 data=m 
01:54:23.643440210 43684/43684 bash  | read < SUCCESS | pipe  | args=res=1 data=  
01:54:23.643452974 43684/43684 bash  | read < SUCCESS | pipe  | args=res=1 data=- 
01:54:23.643466099 43684/43684 bash  | read < SUCCESS | pipe  | args=res=1 data=f 
01:54:23.643479805 43684/43684 bash  | read < SUCCESS | pipe  | args=res=1 data=  
01:54:23.643493411 43684/43684 bash  | read < SUCCESS | pipe  | args=res=1 data=" 
01:54:23.643506056 43684/43684 bash  | read < SUCCESS | pipe  | args=res=1 data=$ 
01:54:23.643518730 43684/43684 bash  | read < SUCCESS | pipe  | args=res=1 data=E 
01:54:23.643531194 43684/43684 bash  | read < SUCCESS | pipe  | args=res=1 data=N 
01:54:23.643545020 43684/43684 bash  | read < SUCCESS | pipe  | args=res=1 data=C 
01:54:23.643558877 43684/43684 bash  | read < SUCCESS | pipe  | args=res=1 data=" 
01:54:23.643570820 43684/43684 bash  | read < SUCCESS | pipe  | args=res=1 data=; 
01:54:23.643582993 43684/43684 bash  | read < SUCCESS | pipe  | args=res=1 data=  
01:54:23.643596188 43684/43684 bash  | read < SUCCESS | pipe  | args=res=1 data=d 
01:54:23.643608973 43684/43684 bash  | read < SUCCESS | pipe  | args=res=1 data=o 
01:54:23.643621557 43684/43684 bash  | read < SUCCESS | pipe  | args=res=1 data=n 
01:54:23.643635163 43684/43684 bash  | read < SUCCESS | pipe  | args=res=1 data=e 
01:54:23.644122305 43684/43684 bash  | read < SUCCESS | pipe  | args=res=0 data=NULL 